2019-01-16 09:47:38,075 INFO (StartupInfoLogger.java:48)- Starting Application on N9E7I63DAFWHTOH with PID 13636 (D:\workspace_app\3nod.com.cn\app\target\classes started by Administrator in D:\workspace_app\3nod.com.cn\app)
2019-01-16 09:47:38,075 DEBUG (StartupInfoLogger.java:51)- Running with Spring Boot v1.5.9.RELEASE, Spring v4.3.13.RELEASE
2019-01-16 09:47:38,091 INFO (SpringApplication.java:593)- No active profile set, falling back to default profiles: default
2019-01-16 09:47:45,391 INFO (StartupInfoLogger.java:57)- Started Application in 7.854 seconds (JVM running for 8.531)
2019-01-16 09:49:16,311 INFO (StartupInfoLogger.java:48)- Starting Application on N9E7I63DAFWHTOH with PID 15548 (D:\workspace_app\3nod.com.cn\app\target\classes started by Administrator in D:\workspace_app\3nod.com.cn\app)
2019-01-16 09:49:16,312 DEBUG (StartupInfoLogger.java:51)- Running with Spring Boot v1.5.9.RELEASE, Spring v4.3.13.RELEASE
2019-01-16 09:49:16,312 INFO (SpringApplication.java:593)- No active profile set, falling back to default profiles: default
2019-01-16 09:49:23,118 INFO (StartupInfoLogger.java:57)- Started Application in 7.188 seconds (JVM running for 7.697)
2019-01-16 09:53:24,956 DEBUG (BaseJdbcLogger.java:145)- ==>  Preparing: select ai.account_num,ai.account_type,ai.create_time, ai.create_user_id,ai.create_user_name,ai.id,ai.phone_num, ai.user_id,ui.head_portrait,ui.nickname, ui.sex,ui.user_name,ui.user_name_en,ui.company_name, ui.position_name,ui.voiceprint from account_info ai INNER JOIN user_info ui on ai.user_id=ui.id where ai.account_num=? and ai.passwd=? 
2019-01-16 09:53:25,108 DEBUG (BaseJdbcLogger.java:145)- ==> Parameters: 981723773@qq.com(String), e8e1e6ea6f52df3eb91b19ee25a1dbc5(String)
2019-01-16 09:53:58,256 DEBUG (BaseJdbcLogger.java:145)- ==>  Preparing: select ai.account_num,ai.account_type,ai.create_time, ai.create_user_id,ai.create_user_name,ai.id,ai.phone_num, ai.user_id,ui.head_portrait,ui.nickname, ui.sex,ui.user_name,ui.user_name_en,ui.company_name, ui.position_name,ui.voiceprint from account_info ai INNER JOIN user_info ui on ai.user_id=ui.id where ai.account_num=? and ai.passwd=? 
2019-01-16 09:53:58,266 DEBUG (BaseJdbcLogger.java:145)- ==> Parameters: 981723773@qq.com(String), e8e1e6ea6f52df3eb91b19ee25a1dbc5(String)
2019-01-16 09:54:18,069 DEBUG (BaseJdbcLogger.java:145)- ==>  Preparing: select ai.account_num,ai.account_type,ai.create_time, ai.create_user_id,ai.create_user_name,ai.id,ai.phone_num, ai.user_id,ui.head_portrait,ui.nickname, ui.sex,ui.user_name,ui.user_name_en,ui.company_name, ui.position_name,ui.voiceprint from account_info ai INNER JOIN user_info ui on ai.user_id=ui.id where ai.account_num=? and ai.passwd=? 
2019-01-16 09:54:18,070 DEBUG (BaseJdbcLogger.java:145)- ==> Parameters: 981723773@qq.com(String), e8e1e6ea6f52df3eb91b19ee25a1dbc5(String)
2019-01-16 09:55:47,471 INFO (StartupInfoLogger.java:48)- Starting Application on N9E7I63DAFWHTOH with PID 14380 (D:\workspace_app\3nod.com.cn\app\target\classes started by Administrator in D:\workspace_app\3nod.com.cn\app)
2019-01-16 09:55:47,471 DEBUG (StartupInfoLogger.java:51)- Running with Spring Boot v1.5.9.RELEASE, Spring v4.3.13.RELEASE
2019-01-16 09:55:47,471 INFO (SpringApplication.java:593)- No active profile set, falling back to default profiles: default
2019-01-16 09:55:54,048 INFO (StartupInfoLogger.java:57)- Started Application in 6.938 seconds (JVM running for 7.493)
2019-01-16 09:56:05,171 DEBUG (BaseJdbcLogger.java:145)- ==>  Preparing: select ai.account_num,ai.account_type,ai.create_time, ai.create_user_id,ai.create_user_name,ai.id,ai.phone_num, ai.user_id,ui.head_portrait,ui.nickname, ui.sex,ui.user_name,ui.user_name_en,ui.company_name, ui.position_name,ui.voiceprint from account_info ai INNER JOIN user_info ui on ai.user_id=ui.id where ai.account_num=? and ai.passwd=? 
2019-01-16 09:56:05,321 DEBUG (BaseJdbcLogger.java:145)- ==> Parameters: 981723773@qq.com(String), e8e1e6ea6f52df3eb91b19ee25a1dbc5(String)
2019-01-16 09:56:05,385 INFO (LoginController.java:78)- 
### Error querying database.  Cause: java.sql.SQLSyntaxErrorException: Unknown column 'ai.user_id' in 'field list'
### The error may exist in file [D:\workspace_app\3nod.com.cn\app\target\classes\mapper\LoginMapper.xml]
### The error may involve snod.com.cn.dao.LoginDao.loginEmail-Inline
### The error occurred while setting parameters
### SQL: select    ai.account_num,ai.account_type,ai.create_time,   ai.create_user_id,ai.create_user_name,ai.id,ai.phone_num,   ai.user_id,ui.head_portrait,ui.nickname,   ui.sex,ui.user_name,ui.user_name_en,ui.company_name,   ui.position_name,ui.voiceprint   from account_info ai    INNER JOIN user_info ui    on ai.user_id=ui.id   where ai.account_num=?   and ai.passwd=?
### Cause: java.sql.SQLSyntaxErrorException: Unknown column 'ai.user_id' in 'field list'
; bad SQL grammar []; nested exception is java.sql.SQLSyntaxErrorException: Unknown column 'ai.user_id' in 'field list'
2019-01-16 10:14:57,706 INFO (StartupInfoLogger.java:48)- Starting Application on N9E7I63DAFWHTOH with PID 15604 (D:\workspace_app\3nod.com.cn\app\target\classes started by Administrator in D:\workspace_app\3nod.com.cn\app)
2019-01-16 10:14:57,706 DEBUG (StartupInfoLogger.java:51)- Running with Spring Boot v1.5.9.RELEASE, Spring v4.3.13.RELEASE
2019-01-16 10:14:57,706 INFO (SpringApplication.java:593)- No active profile set, falling back to default profiles: default
2019-01-16 10:15:04,612 INFO (StartupInfoLogger.java:57)- Started Application in 7.28 seconds (JVM running for 7.792)
2019-01-16 10:15:30,689 DEBUG (BaseJdbcLogger.java:145)- ==>  Preparing: select count(*) as iscount from account_info ai where ai.account_num=? 
2019-01-16 10:15:30,841 DEBUG (BaseJdbcLogger.java:145)- ==> Parameters: 981723773@qq.com(String)
2019-01-16 10:15:30,863 DEBUG (BaseJdbcLogger.java:145)- <==      Total: 1
2019-01-16 10:15:30,872 DEBUG (BaseJdbcLogger.java:145)- ==>  Preparing: insert into user_info(id)values(?) 
2019-01-16 10:15:30,905 DEBUG (BaseJdbcLogger.java:145)- ==> Parameters: null
2019-01-16 10:15:30,909 DEBUG (BaseJdbcLogger.java:145)- <==    Updates: 1
2019-01-16 10:15:41,935 DEBUG (BaseJdbcLogger.java:145)- ==>  Preparing: insert into account_info (id,account_num,passwd,phone_num,account_type, create_time,create_user_id,create_user_name) values ( ?, ?, ?, ?, ?, ?, ?, ?) 
2019-01-16 10:15:42,008 DEBUG (BaseJdbcLogger.java:145)- ==> Parameters: 0(Integer), 981723773@qq.com(String), e10adc3949ba59abbe56e057f20f883e(String), null, 1(Integer), 2019-01-16 10:15:41.002(Timestamp), 0(Integer), null
2019-01-16 10:15:42,016 DEBUG (BaseJdbcLogger.java:145)- <==    Updates: 1
2019-01-16 11:46:27,395 INFO (StartupInfoLogger.java:48)- Starting Application on N9E7I63DAFWHTOH with PID 20712 (D:\workspace_app\3nod.com.cn\app\target\classes started by Administrator in D:\workspace_app\3nod.com.cn\app)
2019-01-16 11:46:27,396 DEBUG (StartupInfoLogger.java:51)- Running with Spring Boot v1.5.9.RELEASE, Spring v4.3.13.RELEASE
2019-01-16 11:46:27,396 INFO (SpringApplication.java:593)- No active profile set, falling back to default profiles: default
2019-01-16 11:46:34,268 INFO (StartupInfoLogger.java:57)- Started Application in 7.245 seconds (JVM running for 7.647)
2019-01-16 14:30:53,627 INFO (StartupInfoLogger.java:48)- Starting Application on N9E7I63DAFWHTOH with PID 26704 (D:\workspace_app\3nod.com.cn\app\target\classes started by Administrator in D:\workspace_app\3nod.com.cn\app)
2019-01-16 14:30:53,628 DEBUG (StartupInfoLogger.java:51)- Running with Spring Boot v1.5.9.RELEASE, Spring v4.3.13.RELEASE
2019-01-16 14:30:53,628 INFO (SpringApplication.java:593)- No active profile set, falling back to default profiles: default
2019-01-16 14:31:00,268 INFO (StartupInfoLogger.java:57)- Started Application in 7.022 seconds (JVM running for 7.526)
2019-01-16 14:31:36,063 DEBUG (BaseJdbcLogger.java:145)- ==>  Preparing: select ai.account_num,ai.account_type,ai.create_time, ai.create_user_id,ai.create_user_name,ai.phone_num,ai.user_id, ai.user_id,ui.head_portrait,ui.nickname, ui.sex,ui.user_name,ui.user_name_en,ui.company_name, ui.position_name,ui.voiceprint,ui.id from user_info ui INNER JOIN account_info ai on ui.id=ai.user_id where ai.account_num=? and ai.passwd=? 
2019-01-16 14:31:38,689 DEBUG (BaseJdbcLogger.java:145)- ==> Parameters: 981723773@qq.com(String), c33367701511b4f6020ec61ded352059(String)
2019-01-16 14:31:39,720 DEBUG (BaseJdbcLogger.java:145)- <==      Total: 1
2019-01-16 14:44:23,032 INFO (StartupInfoLogger.java:48)- Starting Application on N9E7I63DAFWHTOH with PID 10484 (D:\workspace_app\3nod.com.cn\app\target\classes started by Administrator in D:\workspace_app\3nod.com.cn\app)
2019-01-16 14:44:23,032 DEBUG (StartupInfoLogger.java:51)- Running with Spring Boot v1.5.9.RELEASE, Spring v4.3.13.RELEASE
2019-01-16 14:44:23,032 INFO (SpringApplication.java:593)- No active profile set, falling back to default profiles: default
2019-01-16 14:44:29,643 INFO (StartupInfoLogger.java:57)- Started Application in 6.992 seconds (JVM running for 7.402)
2019-01-16 14:44:42,665 ERROR (FileController.java:85)- java.lang.NullPointerException
	at snod.com.cn.service.FileService.saveFile(FileService.java:24)
	at snod.com.cn.controller.FileController.fileUploadHeadPortrait(FileController.java:73)
	at sun.reflect.NativeMethodAccessorImpl.invoke0(Native Method)
	at sun.reflect.NativeMethodAccessorImpl.invoke(NativeMethodAccessorImpl.java:62)
	at sun.reflect.DelegatingMethodAccessorImpl.invoke(DelegatingMethodAccessorImpl.java:43)
	at java.lang.reflect.Method.invoke(Method.java:497)
	at org.springframework.web.method.support.InvocableHandlerMethod.doInvoke(InvocableHandlerMethod.java:205)
	at org.springframework.web.method.support.InvocableHandlerMethod.invokeForRequest(InvocableHandlerMethod.java:133)
	at org.springframework.web.servlet.mvc.method.annotation.ServletInvocableHandlerMethod.invokeAndHandle(ServletInvocableHandlerMethod.java:97)
	at org.springframework.web.servlet.mvc.method.annotation.RequestMappingHandlerAdapter.invokeHandlerMethod(RequestMappingHandlerAdapter.java:827)
	at org.springframework.web.servlet.mvc.method.annotation.RequestMappingHandlerAdapter.handleInternal(RequestMappingHandlerAdapter.java:738)
	at org.springframework.web.servlet.mvc.method.AbstractHandlerMethodAdapter.handle(AbstractHandlerMethodAdapter.java:85)
	at org.springframework.web.servlet.DispatcherServlet.doDispatch(DispatcherServlet.java:967)
	at org.springframework.web.servlet.DispatcherServlet.doService(DispatcherServlet.java:901)
	at org.springframework.web.servlet.FrameworkServlet.processRequest(FrameworkServlet.java:970)
	at org.springframework.web.servlet.FrameworkServlet.doPost(FrameworkServlet.java:872)
	at javax.servlet.http.HttpServlet.service(HttpServlet.java:661)
	at org.springframework.web.servlet.FrameworkServlet.service(FrameworkServlet.java:846)
	at javax.servlet.http.HttpServlet.service(HttpServlet.java:742)
	at org.apache.catalina.core.ApplicationFilterChain.internalDoFilter(ApplicationFilterChain.java:231)
	at org.apache.catalina.core.ApplicationFilterChain.doFilter(ApplicationFilterChain.java:166)
	at org.apache.tomcat.websocket.server.WsFilter.doFilter(WsFilter.java:52)
	at org.apache.catalina.core.ApplicationFilterChain.internalDoFilter(ApplicationFilterChain.java:193)
	at org.apache.catalina.core.ApplicationFilterChain.doFilter(ApplicationFilterChain.java:166)
	at com.alibaba.druid.support.http.WebStatFilter.doFilter(WebStatFilter.java:123)
	at org.apache.catalina.core.ApplicationFilterChain.internalDoFilter(ApplicationFilterChain.java:193)
	at org.apache.catalina.core.ApplicationFilterChain.doFilter(ApplicationFilterChain.java:166)
	at com.alibaba.druid.support.http.WebStatFilter.doFilter(WebStatFilter.java:123)
	at org.apache.catalina.core.ApplicationFilterChain.internalDoFilter(ApplicationFilterChain.java:193)
	at org.apache.catalina.core.ApplicationFilterChain.doFilter(ApplicationFilterChain.java:166)
	at org.springframework.web.filter.RequestContextFilter.doFilterInternal(RequestContextFilter.java:99)
	at org.springframework.web.filter.OncePerRequestFilter.doFilter(OncePerRequestFilter.java:107)
	at org.apache.catalina.core.ApplicationFilterChain.internalDoFilter(ApplicationFilterChain.java:193)
	at org.apache.catalina.core.ApplicationFilterChain.doFilter(ApplicationFilterChain.java:166)
	at org.springframework.web.filter.HttpPutFormContentFilter.doFilterInternal(HttpPutFormContentFilter.java:108)
	at org.springframework.web.filter.OncePerRequestFilter.doFilter(OncePerRequestFilter.java:107)
	at org.apache.catalina.core.ApplicationFilterChain.internalDoFilter(ApplicationFilterChain.java:193)
	at org.apache.catalina.core.ApplicationFilterChain.doFilter(ApplicationFilterChain.java:166)
	at org.springframework.web.filter.HiddenHttpMethodFilter.doFilterInternal(HiddenHttpMethodFilter.java:81)
	at org.springframework.web.filter.OncePerRequestFilter.doFilter(OncePerRequestFilter.java:107)
	at org.apache.catalina.core.ApplicationFilterChain.internalDoFilter(ApplicationFilterChain.java:193)
	at org.apache.catalina.core.ApplicationFilterChain.doFilter(ApplicationFilterChain.java:166)
	at org.springframework.web.filter.CharacterEncodingFilter.doFilterInternal(CharacterEncodingFilter.java:197)
	at org.springframework.web.filter.OncePerRequestFilter.doFilter(OncePerRequestFilter.java:107)
	at org.apache.catalina.core.ApplicationFilterChain.internalDoFilter(ApplicationFilterChain.java:193)
	at org.apache.catalina.core.ApplicationFilterChain.doFilter(ApplicationFilterChain.java:166)
	at org.apache.catalina.core.StandardWrapperValve.invoke(StandardWrapperValve.java:199)
	at org.apache.catalina.core.StandardContextValve.invoke(StandardContextValve.java:96)
	at org.apache.catalina.authenticator.AuthenticatorBase.invoke(AuthenticatorBase.java:478)
	at org.apache.catalina.core.StandardHostValve.invoke(StandardHostValve.java:140)
	at org.apache.catalina.valves.ErrorReportValve.invoke(ErrorReportValve.java:81)
	at org.apache.catalina.core.StandardEngineValve.invoke(StandardEngineValve.java:87)
	at org.apache.catalina.connector.CoyoteAdapter.service(CoyoteAdapter.java:342)
	at org.apache.coyote.http11.Http11Processor.service(Http11Processor.java:803)
	at org.apache.coyote.AbstractProcessorLight.process(AbstractProcessorLight.java:66)
	at org.apache.coyote.AbstractProtocol$ConnectionHandler.process(AbstractProtocol.java:868)
	at org.apache.tomcat.util.net.NioEndpoint$SocketProcessor.doRun(NioEndpoint.java:1459)
	at org.apache.tomcat.util.net.SocketProcessorBase.run(SocketProcessorBase.java:49)
	at java.util.concurrent.ThreadPoolExecutor.runWorker(ThreadPoolExecutor.java:1142)
	at java.util.concurrent.ThreadPoolExecutor$Worker.run(ThreadPoolExecutor.java:617)
	at org.apache.tomcat.util.threads.TaskThread$WrappingRunnable.run(TaskThread.java:61)
	at java.lang.Thread.run(Thread.java:745)

2019-01-16 14:49:49,946 INFO (StartupInfoLogger.java:48)- Starting Application on N9E7I63DAFWHTOH with PID 30896 (D:\workspace_app\3nod.com.cn\app\target\classes started by Administrator in D:\workspace_app\3nod.com.cn\app)
2019-01-16 14:49:49,946 DEBUG (StartupInfoLogger.java:51)- Running with Spring Boot v1.5.9.RELEASE, Spring v4.3.13.RELEASE
2019-01-16 14:49:49,947 INFO (SpringApplication.java:593)- No active profile set, falling back to default profiles: default
2019-01-16 14:49:56,557 INFO (StartupInfoLogger.java:57)- Started Application in 6.987 seconds (JVM running for 7.398)
2019-01-16 15:39:46,808 INFO (StartupInfoLogger.java:48)- Starting Application on N9E7I63DAFWHTOH with PID 25076 (D:\workspace_app\3nod.com.cn\app\target\classes started by Administrator in D:\workspace_app\3nod.com.cn\app)
2019-01-16 15:39:46,809 DEBUG (StartupInfoLogger.java:51)- Running with Spring Boot v1.5.9.RELEASE, Spring v4.3.13.RELEASE
2019-01-16 15:39:46,809 INFO (SpringApplication.java:593)- No active profile set, falling back to default profiles: default
2019-01-16 15:39:53,297 INFO (StartupInfoLogger.java:57)- Started Application in 6.856 seconds (JVM running for 7.252)
2019-01-16 16:03:58,445 DEBUG (BaseJdbcLogger.java:145)- ==>  Preparing: update user_info ui set ui.user_name=?, ui.sex=?, ui.company_name=?, ui.position_name=?, ui.voiceprint=? where ui.id=? 
2019-01-16 16:04:01,051 DEBUG (BaseJdbcLogger.java:145)- ==> Parameters: null, 1(Integer), 1(String), 1(String), 1(String), 1(Integer)
2019-01-16 16:04:01,093 DEBUG (BaseJdbcLogger.java:145)- <==    Updates: 0
