2019-01-23 09:39:24,177 INFO (StartupInfoLogger.java:48)- Starting Application on N9E7I63DAFWHTOH with PID 5652 (D:\workspace_app\3nod.com.cn\app\target\classes started by Administrator in D:\workspace_app\3nod.com.cn\app)
2019-01-23 09:39:24,186 DEBUG (StartupInfoLogger.java:51)- Running with Spring Boot v1.5.9.RELEASE, Spring v4.3.13.RELEASE
2019-01-23 09:39:24,187 INFO (SpringApplication.java:593)- No active profile set, falling back to default profiles: default
2019-01-23 09:39:31,134 INFO (StartupInfoLogger.java:57)- Started Application in 7.433 seconds (JVM running for 8.053)
2019-01-23 10:03:48,013 DEBUG (BaseJdbcLogger.java:145)- ==>  Preparing: select ai.account_num,ai.account_type,ai.create_time, ai.create_user_id,ai.create_user_name,ai.user_id, ai.user_id,ui.head_portrait,ui.nickname, ui.sex,ui.user_name,ui.user_name_en,ui.company_name, ui.position_name,ui.voiceprint,ui.id,ai.id as aid,ui.department,ui.phone_num from user_info ui INNER JOIN account_info ai on ui.id=ai.user_id where ai.account_num=? and ai.passwd=? 
2019-01-23 10:03:48,140 DEBUG (BaseJdbcLogger.java:145)- ==> Parameters: 954098901@qq.com(String), c33367701511b4f6020ec61ded352059(String)
2019-01-23 10:03:48,167 DEBUG (BaseJdbcLogger.java:145)- <==      Total: 1
2019-01-23 10:03:57,712 DEBUG (BaseJdbcLogger.java:145)- ==>  Preparing: insert into meeting_info (id,meeting_code,meeting_name,meetingpre_start_time, meeting_address,print_lan,meeting_passwd, status,create_time,create_user_id,create_user_name) values ( ?, ?, ?, ?, ?, ?, ?, ?, ?, ?, ?) 
2019-01-23 10:03:57,740 DEBUG (BaseJdbcLogger.java:145)- ==> Parameters: 0(Integer), 10170012(String), 会议测试名称(String), 1548210739572(Long), 会议测试地址(String), 1(Integer), 123456(String), 1(Integer), 2019-01-23 10:03:57.711(Timestamp), 9(Integer), null
2019-01-23 10:03:57,742 DEBUG (BaseJdbcLogger.java:145)- <==    Updates: 1
2019-01-23 10:03:57,744 DEBUG (BaseJdbcLogger.java:145)- ==>  Preparing: insert into meetion_detail (id,meeting_id) values ( ?, ?) 
2019-01-23 10:03:57,745 DEBUG (BaseJdbcLogger.java:145)- ==> Parameters: 0(Integer), 20(Integer)
2019-01-23 10:03:57,747 DEBUG (BaseJdbcLogger.java:145)- <==    Updates: 1
2019-01-23 10:03:57,748 DEBUG (BaseJdbcLogger.java:145)- ==>  Preparing: insert into meeting_user (id,user_id,meeting_id) values ( ?, ?, ?) 
2019-01-23 10:03:57,749 DEBUG (BaseJdbcLogger.java:145)- ==> Parameters: 0(Integer), 1(Integer), 20(Integer)
2019-01-23 10:03:57,750 DEBUG (BaseJdbcLogger.java:145)- <==    Updates: 1
2019-01-23 10:03:57,751 DEBUG (BaseJdbcLogger.java:145)- ==>  Preparing: insert into meeting_user (id,user_id,meeting_id) values ( ?, ?, ?) 
2019-01-23 10:03:57,751 DEBUG (BaseJdbcLogger.java:145)- ==> Parameters: 0(Integer), 2(Integer), 20(Integer)
2019-01-23 10:03:57,753 DEBUG (BaseJdbcLogger.java:145)- <==    Updates: 1
2019-01-23 10:05:42,980 DEBUG (BaseJdbcLogger.java:145)- ==>  Preparing: select ai.account_num,ai.account_type,ai.create_time, ai.create_user_id,ai.create_user_name,ai.user_id, ai.user_id,ui.head_portrait,ui.nickname, ui.sex,ui.user_name,ui.user_name_en,ui.company_name, ui.position_name,ui.voiceprint,ui.id,ai.id as aid,ui.department,ui.phone_num from user_info ui INNER JOIN account_info ai on ui.id=ai.user_id where ai.account_num=? and ai.passwd=? 
2019-01-23 10:05:42,981 DEBUG (BaseJdbcLogger.java:145)- ==> Parameters: 954098901@qq.com(String), c33367701511b4f6020ec61ded352059(String)
2019-01-23 10:05:42,984 DEBUG (BaseJdbcLogger.java:145)- <==      Total: 1
2019-01-23 10:06:33,972 DEBUG (BaseJdbcLogger.java:145)- ==>  Preparing: select mi.id,mi.create_time,mi.create_user_id, mi.create_user_name,mi.meeting_address, mi.meeting_code,mi.meeting_end_date, mi.meeting_name,mi.meeting_passwd, mi.meeting_start_date,mi.print_lan, mi.status,mde.device_num,mde.meeting_content, mde.meeting_content_file,mde.meeting_translate, mde.meeting_translate_file from meeting_info mi INNER JOIN meetion_detail mde on mi.id=mde.meeting_id where mi.meeting_code=? 
2019-01-23 10:06:34,005 DEBUG (BaseJdbcLogger.java:145)- ==> Parameters: 10170012(String)
2019-01-23 10:06:34,052 DEBUG (BaseJdbcLogger.java:145)- <==      Total: 1
2019-01-23 10:06:38,260 DEBUG (BaseJdbcLogger.java:145)- ==>  Preparing: update meeting_info mi set mi.status=5 where mi.meeting_code=? and mi.create_user_id=? and mi.status=1 
2019-01-23 10:06:38,299 DEBUG (BaseJdbcLogger.java:145)- ==> Parameters: 10170012(String), 9(Integer)
2019-01-23 10:06:38,411 DEBUG (BaseJdbcLogger.java:145)- <==    Updates: 1
2019-01-23 10:08:52,485 DEBUG (BaseJdbcLogger.java:145)- ==>  Preparing: select ai.account_num,ai.account_type,ai.create_time, ai.create_user_id,ai.create_user_name,ai.user_id, ai.user_id,ui.head_portrait,ui.nickname, ui.sex,ui.user_name,ui.user_name_en,ui.company_name, ui.position_name,ui.voiceprint,ui.id,ai.id as aid,ui.department,ui.phone_num from user_info ui INNER JOIN account_info ai on ui.id=ai.user_id where ai.account_num=? and ai.passwd=? 
2019-01-23 10:08:52,485 DEBUG (BaseJdbcLogger.java:145)- ==> Parameters: 954098901@qq.com(String), c33367701511b4f6020ec61ded352059(String)
2019-01-23 10:08:52,487 DEBUG (BaseJdbcLogger.java:145)- <==      Total: 1
2019-01-23 10:09:03,866 DEBUG (BaseJdbcLogger.java:145)- ==>  Preparing: select mi.id,mi.create_time,mi.create_user_id, mi.create_user_name,mi.meeting_address, mi.meeting_code,mi.meeting_end_date, mi.meeting_name,mi.meeting_passwd, mi.meeting_start_date,mi.print_lan, mi.status,mde.device_num,mde.meeting_content, mde.meeting_content_file,mde.meeting_translate, mde.meeting_translate_file from meeting_info mi INNER JOIN meetion_detail mde on mi.id=mde.meeting_id where mi.meeting_code=? 
2019-01-23 10:09:03,868 DEBUG (BaseJdbcLogger.java:145)- ==> Parameters: 10170012(String)
2019-01-23 10:09:03,872 DEBUG (BaseJdbcLogger.java:145)- <==      Total: 1
2019-01-23 10:09:27,636 DEBUG (BaseJdbcLogger.java:145)- ==>  Preparing: select ai.account_num,ai.account_type,ai.create_time, ai.create_user_id,ai.create_user_name,ai.user_id, ai.user_id,ui.head_portrait,ui.nickname, ui.sex,ui.user_name,ui.user_name_en,ui.company_name, ui.position_name,ui.voiceprint,ui.id,ai.id as aid,ui.department,ui.phone_num from user_info ui INNER JOIN account_info ai on ui.id=ai.user_id where ai.account_num=? and ai.passwd=? 
2019-01-23 10:09:27,637 DEBUG (BaseJdbcLogger.java:145)- ==> Parameters: 954098901@qq.com(String), c33367701511b4f6020ec61ded352059(String)
2019-01-23 10:09:27,639 DEBUG (BaseJdbcLogger.java:145)- <==      Total: 1
2019-01-23 10:09:31,441 DEBUG (BaseJdbcLogger.java:145)- ==>  Preparing: select mi.id,mi.create_time,mi.create_user_id, mi.create_user_name,mi.meeting_address, mi.meeting_code,mi.meeting_end_date, mi.meeting_name,mi.meeting_passwd, mi.meeting_start_date,mi.print_lan, mi.status,mde.device_num,mde.meeting_content, mde.meeting_content_file,mde.meeting_translate, mde.meeting_translate_file from meeting_info mi INNER JOIN meetion_detail mde on mi.id=mde.meeting_id where mi.meeting_code=? 
2019-01-23 10:09:31,459 DEBUG (BaseJdbcLogger.java:145)- ==> Parameters: 10170012(String)
2019-01-23 10:09:31,507 DEBUG (BaseJdbcLogger.java:145)- <==      Total: 1
2019-01-23 10:10:36,753 DEBUG (BaseJdbcLogger.java:145)- ==>  Preparing: select ai.account_num,ai.account_type,ai.create_time, ai.create_user_id,ai.create_user_name,ai.user_id, ai.user_id,ui.head_portrait,ui.nickname, ui.sex,ui.user_name,ui.user_name_en,ui.company_name, ui.position_name,ui.voiceprint,ui.id,ai.id as aid,ui.department,ui.phone_num from user_info ui INNER JOIN account_info ai on ui.id=ai.user_id where ai.account_num=? and ai.passwd=? 
2019-01-23 10:10:36,754 DEBUG (BaseJdbcLogger.java:145)- ==> Parameters: 954098901@qq.com(String), c33367701511b4f6020ec61ded352059(String)
2019-01-23 10:10:36,756 DEBUG (BaseJdbcLogger.java:145)- <==      Total: 1
2019-01-23 10:10:44,131 DEBUG (BaseJdbcLogger.java:145)- ==>  Preparing: select mi.id,mi.create_time,mi.create_user_id, mi.create_user_name,mi.meeting_address, mi.meeting_code,mi.meeting_end_date, mi.meeting_name,mi.meeting_passwd, mi.meeting_start_date,mi.print_lan, mi.status,mde.device_num,mde.meeting_content, mde.meeting_content_file,mde.meeting_translate, mde.meeting_translate_file from meeting_info mi INNER JOIN meetion_detail mde on mi.id=mde.meeting_id where mi.meeting_code=? 
2019-01-23 10:10:44,146 DEBUG (BaseJdbcLogger.java:145)- ==> Parameters: 10170012(String)
2019-01-23 10:10:44,200 DEBUG (BaseJdbcLogger.java:145)- <==      Total: 1
2019-01-23 10:11:42,920 DEBUG (BaseJdbcLogger.java:145)- ==>  Preparing: select ai.account_num,ai.account_type,ai.create_time, ai.create_user_id,ai.create_user_name,ai.user_id, ai.user_id,ui.head_portrait,ui.nickname, ui.sex,ui.user_name,ui.user_name_en,ui.company_name, ui.position_name,ui.voiceprint,ui.id,ai.id as aid,ui.department,ui.phone_num from user_info ui INNER JOIN account_info ai on ui.id=ai.user_id where ai.account_num=? and ai.passwd=? 
2019-01-23 10:11:42,920 DEBUG (BaseJdbcLogger.java:145)- ==> Parameters: 954098901@qq.com(String), c33367701511b4f6020ec61ded352059(String)
2019-01-23 10:11:42,922 DEBUG (BaseJdbcLogger.java:145)- <==      Total: 1
2019-01-23 10:11:48,889 DEBUG (BaseJdbcLogger.java:145)- ==>  Preparing: select mi.id,mi.create_time,mi.create_user_id, mi.create_user_name,mi.meeting_address, mi.meeting_code,mi.meeting_end_date, mi.meeting_name,mi.meeting_passwd, mi.meeting_start_date,mi.print_lan, mi.status,mde.device_num,mde.meeting_content, mde.meeting_content_file,mde.meeting_translate, mde.meeting_translate_file from meeting_info mi INNER JOIN meetion_detail mde on mi.id=mde.meeting_id where mi.meeting_code=? 
2019-01-23 10:11:48,905 DEBUG (BaseJdbcLogger.java:145)- ==> Parameters: 10170012(String)
2019-01-23 10:11:48,959 DEBUG (BaseJdbcLogger.java:145)- <==      Total: 1
2019-01-23 10:14:26,449 DEBUG (BaseJdbcLogger.java:145)- ==>  Preparing: select ai.account_num,ai.account_type,ai.create_time, ai.create_user_id,ai.create_user_name,ai.user_id, ai.user_id,ui.head_portrait,ui.nickname, ui.sex,ui.user_name,ui.user_name_en,ui.company_name, ui.position_name,ui.voiceprint,ui.id,ai.id as aid,ui.department,ui.phone_num from user_info ui INNER JOIN account_info ai on ui.id=ai.user_id where ai.account_num=? and ai.passwd=? 
2019-01-23 10:14:26,450 DEBUG (BaseJdbcLogger.java:145)- ==> Parameters: 954098901@qq.com(String), c33367701511b4f6020ec61ded352059(String)
2019-01-23 10:14:26,452 DEBUG (BaseJdbcLogger.java:145)- <==      Total: 1
2019-01-23 10:14:30,882 DEBUG (BaseJdbcLogger.java:145)- ==>  Preparing: select mi.id,mi.create_time,mi.create_user_id, mi.create_user_name,mi.meeting_address, mi.meeting_code,mi.meeting_end_date, mi.meeting_name,mi.meeting_passwd, mi.meeting_start_date,mi.print_lan, mi.status,mde.device_num,mde.meeting_content, mde.meeting_content_file,mde.meeting_translate, mde.meeting_translate_file from meeting_info mi INNER JOIN meetion_detail mde on mi.id=mde.meeting_id where mi.meeting_code=? 
2019-01-23 10:14:30,890 DEBUG (BaseJdbcLogger.java:145)- ==> Parameters: 10170011(String)
2019-01-23 10:14:30,938 DEBUG (BaseJdbcLogger.java:145)- <==      Total: 1
2019-01-23 10:14:35,872 DEBUG (BaseJdbcLogger.java:145)- ==>  Preparing: update meeting_info mi set mi.status=5 where mi.meeting_code=? and mi.create_user_id=? and mi.status=1 
2019-01-23 10:14:35,882 DEBUG (BaseJdbcLogger.java:145)- ==> Parameters: 10170011(String), 9(Integer)
2019-01-23 10:14:35,941 DEBUG (BaseJdbcLogger.java:145)- <==    Updates: 1
2019-01-23 10:16:31,523 DEBUG (BaseJdbcLogger.java:145)- ==>  Preparing: select ai.account_num,ai.account_type,ai.create_time, ai.create_user_id,ai.create_user_name,ai.user_id, ai.user_id,ui.head_portrait,ui.nickname, ui.sex,ui.user_name,ui.user_name_en,ui.company_name, ui.position_name,ui.voiceprint,ui.id,ai.id as aid,ui.department,ui.phone_num from user_info ui INNER JOIN account_info ai on ui.id=ai.user_id where ai.account_num=? and ai.passwd=? 
2019-01-23 10:16:31,524 DEBUG (BaseJdbcLogger.java:145)- ==> Parameters: 954098901@qq.com(String), c33367701511b4f6020ec61ded352059(String)
2019-01-23 10:16:31,527 DEBUG (BaseJdbcLogger.java:145)- <==      Total: 1
2019-01-23 10:16:45,834 DEBUG (BaseJdbcLogger.java:145)- ==>  Preparing: select mi.id,mi.create_time,mi.create_user_id, mi.create_user_name,mi.meeting_address, mi.meeting_code,mi.meeting_end_date, mi.meeting_name,mi.meeting_passwd, mi.meeting_start_date,mi.print_lan, mi.status,mde.device_num,mde.meeting_content, mde.meeting_content_file,mde.meeting_translate, mde.meeting_translate_file from meeting_info mi INNER JOIN meetion_detail mde on mi.id=mde.meeting_id where mi.meeting_code=? 
2019-01-23 10:16:45,836 DEBUG (BaseJdbcLogger.java:145)- ==> Parameters: 10170009(String)
2019-01-23 10:16:45,839 DEBUG (BaseJdbcLogger.java:145)- <==      Total: 1
2019-01-23 10:16:47,705 DEBUG (BaseJdbcLogger.java:145)- ==>  Preparing: update meeting_info mi set mi.status=5 where mi.meeting_code=? and mi.create_user_id=? and mi.status=1 
2019-01-23 10:16:47,706 DEBUG (BaseJdbcLogger.java:145)- ==> Parameters: 10170009(String), 9(Integer)
2019-01-23 10:16:47,737 DEBUG (BaseJdbcLogger.java:145)- <==    Updates: 1
2019-01-23 10:18:04,656 DEBUG (BaseJdbcLogger.java:145)- ==>  Preparing: select ai.account_num,ai.account_type,ai.create_time, ai.create_user_id,ai.create_user_name,ai.user_id, ai.user_id,ui.head_portrait,ui.nickname, ui.sex,ui.user_name,ui.user_name_en,ui.company_name, ui.position_name,ui.voiceprint,ui.id,ai.id as aid,ui.department,ui.phone_num from user_info ui INNER JOIN account_info ai on ui.id=ai.user_id where ai.account_num=? and ai.passwd=? 
2019-01-23 10:18:04,657 DEBUG (BaseJdbcLogger.java:145)- ==> Parameters: 954098901@qq.com(String), c33367701511b4f6020ec61ded352059(String)
2019-01-23 10:18:04,659 DEBUG (BaseJdbcLogger.java:145)- <==      Total: 1
2019-01-23 10:18:05,239 DEBUG (BaseJdbcLogger.java:145)- ==>  Preparing: select mi.id,mi.create_time,mi.create_user_id, mi.create_user_name,mi.meeting_address, mi.meeting_code,mi.meeting_end_date, mi.meeting_name,mi.meeting_passwd, mi.meeting_start_date,mi.print_lan, mi.status,mde.device_num,mde.meeting_content, mde.meeting_content_file,mde.meeting_translate, mde.meeting_translate_file from meeting_info mi INNER JOIN meetion_detail mde on mi.id=mde.meeting_id where mi.meeting_code=? 
2019-01-23 10:18:05,240 DEBUG (BaseJdbcLogger.java:145)- ==> Parameters: 10170009(String)
2019-01-23 10:18:05,242 DEBUG (BaseJdbcLogger.java:145)- <==      Total: 1
2019-01-23 10:18:54,285 DEBUG (BaseJdbcLogger.java:145)- ==>  Preparing: select ai.account_num,ai.account_type,ai.create_time, ai.create_user_id,ai.create_user_name,ai.user_id, ai.user_id,ui.head_portrait,ui.nickname, ui.sex,ui.user_name,ui.user_name_en,ui.company_name, ui.position_name,ui.voiceprint,ui.id,ai.id as aid,ui.department,ui.phone_num from user_info ui INNER JOIN account_info ai on ui.id=ai.user_id where ai.account_num=? and ai.passwd=? 
2019-01-23 10:18:54,285 DEBUG (BaseJdbcLogger.java:145)- ==> Parameters: 954098901@qq.com(String), c33367701511b4f6020ec61ded352059(String)
2019-01-23 10:18:54,287 DEBUG (BaseJdbcLogger.java:145)- <==      Total: 1
2019-01-23 10:18:56,122 DEBUG (BaseJdbcLogger.java:145)- ==>  Preparing: select mi.id,mi.create_time,mi.create_user_id, mi.create_user_name,mi.meeting_address, mi.meeting_code,mi.meeting_end_date, mi.meeting_name,mi.meeting_passwd, mi.meeting_start_date,mi.print_lan, mi.status,mde.device_num,mde.meeting_content, mde.meeting_content_file,mde.meeting_translate, mde.meeting_translate_file from meeting_info mi INNER JOIN meetion_detail mde on mi.id=mde.meeting_id where mi.meeting_code=? 
2019-01-23 10:18:56,122 DEBUG (BaseJdbcLogger.java:145)- ==> Parameters: 10170008(String)
2019-01-23 10:18:56,124 DEBUG (BaseJdbcLogger.java:145)- <==      Total: 1
2019-01-23 10:18:56,124 DEBUG (BaseJdbcLogger.java:145)- ==>  Preparing: update meeting_info mi set mi.status=5 where mi.meeting_code=? and mi.create_user_id=? and mi.status=1 
2019-01-23 10:18:56,125 DEBUG (BaseJdbcLogger.java:145)- ==> Parameters: 10170008(String), 9(Integer)
2019-01-23 10:18:56,174 DEBUG (BaseJdbcLogger.java:145)- <==    Updates: 1
